<?xml version="1.0" encoding="UTF-8"?>
<!-- Generated by org.testng.reporters.JUnitXMLReporter -->
<testsuite hostname="INF84" ignored="0" name="Default test" tests="5" failures="0" timestamp="18 set 2018 16:24:47 GMT" time="0.032" errors="0">
  <testcase name="pagamentoInteiroMaior" time="0.0" classname="test.TesteGuloso"/>
  <testcase name="pagamentoFracionadoMaior" time="0.0" classname="test.TesteGuloso"/>
  <testcase name="pagamentoFracionadoMaior1" time="0.0" classname="test.TesteGuloso"/>
  <testcase name="pagamentoIgual" time="0.0" classname="test.TesteGuloso"/>
  <testcase name="pagamentoMenor" time="0.0" classname="test.TesteGuloso"/>
</testsuite> <!-- Default test -->
