<?xml version="1.0" encoding="UTF-8"?>
<!-- Generated by org.testng.reporters.JUnitXMLReporter -->
<testsuite hostname="INF84" ignored="0" name="Default test" tests="15" failures="0" timestamp="14 set 2018 17:59:04 GMT" time="1.875" errors="0">
  <testcase name="min1" time="0.059" classname="maxmin_ed2.Main"/>
  <testcase name="min1" time="0.048" classname="maxmin_ed2.Main"/>
  <testcase name="min1" time="0.031" classname="maxmin_ed2.Main"/>
  <testcase name="min1" time="0.047" classname="maxmin_ed2.Main"/>
  <testcase name="min1" time="0.031" classname="maxmin_ed2.Main"/>
  <testcase name="min2" time="0.031" classname="maxmin_ed2.Main"/>
  <testcase name="min2" time="0.063" classname="maxmin_ed2.Main"/>
  <testcase name="min2" time="0.031" classname="maxmin_ed2.Main"/>
  <testcase name="min2" time="0.031" classname="maxmin_ed2.Main"/>
  <testcase name="min2" time="0.032" classname="maxmin_ed2.Main"/>
  <testcase name="min3" time="0.284" classname="maxmin_ed2.Main"/>
  <testcase name="min3" time="0.296" classname="maxmin_ed2.Main"/>
  <testcase name="min3" time="0.282" classname="maxmin_ed2.Main"/>
  <testcase name="min3" time="0.281" classname="maxmin_ed2.Main"/>
  <testcase name="min3" time="0.278" classname="maxmin_ed2.Main"/>
</testsuite> <!-- Default test -->
