<?xml version="1.0" encoding="UTF-8"?>
<!-- Generated by org.testng.reporters.JUnitXMLReporter -->
<testsuite ignored="0" hostname="archlinux" failures="0" tests="15" name="Default test" time="2.829" errors="0" timestamp="15 set 2018 06:16:41 GMT">
  <testcase classname="maxmin_ed2.Main" name="min1" time="0.127"/>
  <testcase classname="maxmin_ed2.Main" name="min1" time="0.13"/>
  <testcase classname="maxmin_ed2.Main" name="min1" time="0.086"/>
  <testcase classname="maxmin_ed2.Main" name="min1" time="0.082"/>
  <testcase classname="maxmin_ed2.Main" name="min1" time="0.076"/>
  <testcase classname="maxmin_ed2.Main" name="min2" time="0.109"/>
  <testcase classname="maxmin_ed2.Main" name="min2" time="0.116"/>
  <testcase classname="maxmin_ed2.Main" name="min2" time="0.088"/>
  <testcase classname="maxmin_ed2.Main" name="min2" time="0.086"/>
  <testcase classname="maxmin_ed2.Main" name="min2" time="0.09"/>
  <testcase classname="maxmin_ed2.Main" name="min3" time="0.397"/>
  <testcase classname="maxmin_ed2.Main" name="min3" time="0.382"/>
  <testcase classname="maxmin_ed2.Main" name="min3" time="0.328"/>
  <testcase classname="maxmin_ed2.Main" name="min3" time="0.339"/>
  <testcase classname="maxmin_ed2.Main" name="min3" time="0.35"/>
</testsuite> <!-- Default test -->
