<?xml version="1.0" encoding="UTF-8"?>
<!-- Generated by org.testng.reporters.JUnitXMLReporter -->
<testsuite hostname="LAB4-PC23" ignored="0" name="Default test" tests="5" failures="0" timestamp="27 set 2018 22:40:31 GMT" time="0.078" errors="0">
  <testcase name="TSPMenorRota" time="0.047" classname="test.TesteVizinhoProximo"/>
  <testcase name="rotaAcara" time="0.0" classname="test.TesteVizinhoProximo"/>
  <testcase name="rotaBelém" time="0.016" classname="test.TesteVizinhoProximo"/>
  <testcase name="rotaGaranhuns" time="0.0" classname="test.TesteVizinhoProximo"/>
  <testcase name="rotaSalvador" time="0.0" classname="test.TesteVizinhoProximo"/>
</testsuite> <!-- Default test -->
