<?xml version="1.0" encoding="UTF-8"?>
<testng-results skipped="0" failed="0" ignored="0" total="5" passed="5">
  <reporter-output>
  </reporter-output>
  <suite name="Default suite" duration-ms="53" started-at="2018-09-19T13:21:22Z" finished-at="2018-09-19T13:21:22Z">
    <groups>
    </groups>
    <test name="Default test" duration-ms="53" started-at="2018-09-19T13:21:22Z" finished-at="2018-09-19T13:21:22Z">
      <class name="test.TesteGulosoTroco">
        <test-method status="PASS" signature="pagamentoInteiroMaior()[pri:0, instance:test.TesteGulosoTroco@4590c9c3]" name="pagamentoInteiroMaior" duration-ms="13" started-at="2018-09-19T13:21:22Z" finished-at="2018-09-19T13:21:22Z">
          <reporter-output>
          </reporter-output>
        </test-method> <!-- pagamentoInteiroMaior -->
        <test-method status="PASS" signature="pagamentoFracionadoMaior()[pri:0, instance:test.TesteGulosoTroco@4590c9c3]" name="pagamentoFracionadoMaior" duration-ms="2" started-at="2018-09-19T13:21:22Z" depends-on-methods="test.TesteGulosoTroco.pagamentoInteiroMaior" finished-at="2018-09-19T13:21:22Z">
          <reporter-output>
          </reporter-output>
        </test-method> <!-- pagamentoFracionadoMaior -->
        <test-method status="PASS" signature="pagamentoFracionadoMaior1()[pri:0, instance:test.TesteGulosoTroco@4590c9c3]" name="pagamentoFracionadoMaior1" duration-ms="1" started-at="2018-09-19T13:21:22Z" depends-on-methods="test.TesteGulosoTroco.pagamentoInteiroMaior" finished-at="2018-09-19T13:21:22Z">
          <reporter-output>
          </reporter-output>
        </test-method> <!-- pagamentoFracionadoMaior1 -->
        <test-method status="PASS" signature="pagamentoIgual()[pri:0, instance:test.TesteGulosoTroco@4590c9c3]" name="pagamentoIgual" duration-ms="4" started-at="2018-09-19T13:21:22Z" depends-on-methods="test.TesteGulosoTroco.pagamentoFracionadoMaior" finished-at="2018-09-19T13:21:22Z">
          <reporter-output>
          </reporter-output>
        </test-method> <!-- pagamentoIgual -->
        <test-method status="PASS" signature="pagamentoMenor()[pri:0, instance:test.TesteGulosoTroco@4590c9c3]" name="pagamentoMenor" duration-ms="1" started-at="2018-09-19T13:21:22Z" depends-on-methods="test.TesteGulosoTroco.pagamentoIgual" finished-at="2018-09-19T13:21:22Z">
          <reporter-output>
          </reporter-output>
        </test-method> <!-- pagamentoMenor -->
      </class> <!-- test.TesteGulosoTroco -->
    </test> <!-- Default test -->
  </suite> <!-- Default suite -->
</testng-results>
