<?xml version="1.0" encoding="UTF-8"?>
<!-- Generated by org.testng.reporters.JUnitXMLReporter -->
<testsuite hostname="INF84" ignored="8" name="maxMin2" tests="3" failures="0" timestamp="13 nov 2018 14:54:17 GMT" time="0.217" errors="0">
  <testcase name="min2" time="0.043" classname="test.TesteMaxMin"/>
  <testcase name="min2" time="0.136" classname="test.TesteMaxMin"/>
  <testcase name="min2" time="0.036" classname="test.TesteMaxMin"/>
  <testcase name="min1" time="0.0" classname="test.TesteMaxMin">
    <ignored/>
  </testcase> <!-- min1 -->
  <testcase name="min3Pior" time="0.0" classname="test.TesteMaxMin">
    <ignored/>
  </testcase> <!-- min3Pior -->
  <testcase name="min2Pior" time="0.0" classname="test.TesteMaxMin">
    <ignored/>
  </testcase> <!-- min2Pior -->
  <testcase name="min3Melhor" time="0.0" classname="test.TesteMaxMin">
    <ignored/>
  </testcase> <!-- min3Melhor -->
  <testcase name="min2Melhor" time="0.0" classname="test.TesteMaxMin">
    <ignored/>
  </testcase> <!-- min2Melhor -->
  <testcase name="min1Pior" time="0.0" classname="test.TesteMaxMin">
    <ignored/>
  </testcase> <!-- min1Pior -->
  <testcase name="min1Melhor" time="0.0" classname="test.TesteMaxMin">
    <ignored/>
  </testcase> <!-- min1Melhor -->
  <testcase name="min3" time="0.0" classname="test.TesteMaxMin">
    <ignored/>
  </testcase> <!-- min3 -->
</testsuite> <!-- maxMin2 -->
