<?xml version="1.0" encoding="UTF-8"?>
<!-- Generated by org.testng.reporters.JUnitXMLReporter -->
<testsuite hostname="INF84" ignored="8" name="maxMin3Pior" tests="3" failures="0" timestamp="13 nov 2018 14:49:57 GMT" time="0.574" errors="0">
  <testcase name="min3Pior" time="0.164" classname="test.TesteMaxMin"/>
  <testcase name="min3Pior" time="0.165" classname="test.TesteMaxMin"/>
  <testcase name="min3Pior" time="0.242" classname="test.TesteMaxMin"/>
  <testcase name="min1" time="0.0" classname="test.TesteMaxMin">
    <ignored/>
  </testcase> <!-- min1 -->
  <testcase name="min2Pior" time="0.0" classname="test.TesteMaxMin">
    <ignored/>
  </testcase> <!-- min2Pior -->
  <testcase name="min3Melhor" time="0.0" classname="test.TesteMaxMin">
    <ignored/>
  </testcase> <!-- min3Melhor -->
  <testcase name="min2Melhor" time="0.0" classname="test.TesteMaxMin">
    <ignored/>
  </testcase> <!-- min2Melhor -->
  <testcase name="min2" time="0.0" classname="test.TesteMaxMin">
    <ignored/>
  </testcase> <!-- min2 -->
  <testcase name="min1Pior" time="0.0" classname="test.TesteMaxMin">
    <ignored/>
  </testcase> <!-- min1Pior -->
  <testcase name="min1Melhor" time="0.0" classname="test.TesteMaxMin">
    <ignored/>
  </testcase> <!-- min1Melhor -->
  <testcase name="min3" time="0.0" classname="test.TesteMaxMin">
    <ignored/>
  </testcase> <!-- min3 -->
</testsuite> <!-- maxMin3Pior -->
