<?xml version="1.0" encoding="UTF-8"?>
<!-- Generated by org.testng.reporters.JUnitXMLReporter -->
<testsuite hostname="INF84" ignored="8" name="maxMin3" tests="3" failures="0" timestamp="09 nov 2018 17:06:30 GMT" time="0.179" errors="0">
  <testcase name="min3" time="0.064" classname="test.TesteMaxMin"/>
  <testcase name="min3" time="0.056" classname="test.TesteMaxMin"/>
  <testcase name="min3" time="0.057" classname="test.TesteMaxMin"/>
  <testcase name="min1" time="0.0" classname="test.TesteMaxMin">
    <ignored/>
  </testcase> <!-- min1 -->
  <testcase name="min3Pior" time="0.0" classname="test.TesteMaxMin">
    <ignored/>
  </testcase> <!-- min3Pior -->
  <testcase name="min2Pior" time="0.0" classname="test.TesteMaxMin">
    <ignored/>
  </testcase> <!-- min2Pior -->
  <testcase name="min3Melhor" time="0.0" classname="test.TesteMaxMin">
    <ignored/>
  </testcase> <!-- min3Melhor -->
  <testcase name="min2Melhor" time="0.0" classname="test.TesteMaxMin">
    <ignored/>
  </testcase> <!-- min2Melhor -->
  <testcase name="min2" time="0.0" classname="test.TesteMaxMin">
    <ignored/>
  </testcase> <!-- min2 -->
  <testcase name="min1Pior" time="0.0" classname="test.TesteMaxMin">
    <ignored/>
  </testcase> <!-- min1Pior -->
  <testcase name="min1Melhor" time="0.0" classname="test.TesteMaxMin">
    <ignored/>
  </testcase> <!-- min1Melhor -->
</testsuite> <!-- maxMin3 -->
