<?xml version="1.0" encoding="UTF-8"?>
<testng-results skipped="0" failed="0" ignored="0" total="2" passed="2">
  <reporter-output>
  </reporter-output>
  <suite name="Default suite" duration-ms="80" started-at="2018-09-26T17:42:11Z" finished-at="2018-09-26T17:42:11Z">
    <groups>
    </groups>
    <test name="Default test" duration-ms="80" started-at="2018-09-26T17:42:11Z" finished-at="2018-09-26T17:42:11Z">
      <class name="test.TesteVizinhoProximo">
        <test-method status="PASS" signature="TSPMenorRota()[pri:0, instance:test.TesteVizinhoProximo@b97c004]" name="TSPMenorRota" duration-ms="56" started-at="2018-09-26T17:42:11Z" finished-at="2018-09-26T17:42:11Z">
          <reporter-output>
          </reporter-output>
        </test-method> <!-- TSPMenorRota -->
        <test-method status="PASS" signature="rotaBelém()[pri:0, instance:test.TesteVizinhoProximo@b97c004]" name="rotaBelém" duration-ms="3" started-at="2018-09-26T17:42:11Z" finished-at="2018-09-26T17:42:11Z">
          <reporter-output>
          </reporter-output>
        </test-method> <!-- rotaBelém -->
      </class> <!-- test.TesteVizinhoProximo -->
    </test> <!-- Default test -->
  </suite> <!-- Default suite -->
</testng-results>
