<?xml version="1.0" encoding="UTF-8"?>
<!-- Generated by org.testng.reporters.JUnitReportReporter -->
<testsuite skipped="0" hostname="INF84" name="test.TesteVizinhoProximo" tests="6" failures="0" timestamp="06 nov 2018 14:39:25 GMT" time="0.063" errors="0">
  <testcase name="rotaMarituba" time="0.001" classname="test.TesteVizinhoProximo"/>
  <testcase name="rotaGaranhuns" time="0.005" classname="test.TesteVizinhoProximo"/>
  <testcase name="rotaSalvador" time="0.002" classname="test.TesteVizinhoProximo"/>
  <testcase name="rotaBelém" time="0.002" classname="test.TesteVizinhoProximo"/>
  <testcase name="rotaAcara" time="0.002" classname="test.TesteVizinhoProximo"/>
  <testcase name="TSPMenorRota" time="0.051" classname="test.TesteVizinhoProximo"/>
</testsuite> <!-- test.TesteVizinhoProximo -->
