<?xml version="1.0" encoding="UTF-8"?>
<!-- Generated by org.testng.reporters.JUnitReportReporter -->
<testsuite skipped="0" hostname="LAB4-PC23" name="test.TesteVizinhoProximo" tests="5" failures="0" timestamp="27 set 2018 22:40:31 GMT" time="0.063" errors="0">
  <testcase name="TSPMenorRota" time="0.047" classname="test.TesteVizinhoProximo"/>
  <testcase name="rotaGaranhuns" time="0.000" classname="test.TesteVizinhoProximo"/>
  <testcase name="rotaSalvador" time="0.000" classname="test.TesteVizinhoProximo"/>
  <testcase name="rotaAcara" time="0.000" classname="test.TesteVizinhoProximo"/>
  <testcase name="rotaBelém" time="0.016" classname="test.TesteVizinhoProximo"/>
</testsuite> <!-- test.TesteVizinhoProximo -->
